[    0.000000] Linux version 4.15.0-159-generic (buildd@lgw01-amd64-055) (gcc version 7.5.0 (Ubuntu 7.5.0-3ubuntu1~18.04)) #167-Ubuntu SMP Tue Sep 21 08:55:05 UTC 2021 (Ubuntu 4.15.0-159.167-generic 4.15.18)
[    0.000000] Command line: BOOT_IMAGE=/boot/vmlinuz-4.15.0-159-generic root=LABEL=cloudimg-rootfs ro console=tty1 console=ttyS0
[    0.000000] KERNEL supported cpus:
[    0.000000]   Intel GenuineIntel
[    0.000000]   AMD AuthenticAMD
[    0.000000]   Centaur CentaurHauls
[    0.000000] x86/fpu: x87 FPU will use FXSAVE
[    0.000000] e820: BIOS-provided physical RAM map:
[    0.000000] BIOS-e820: [mem 0x0000000000000000-0x000000000009fbff] usable
[    0.000000] BIOS-e820: [mem 0x000000000009fc00-0x000000000009ffff] reserved
[    0.000000] BIOS-e820: [mem 0x00000000000f0000-0x00000000000fffff] reserved
[    0.000000] BIOS-e820: [mem 0x0000000000100000-0x000000003ffeffff] usable
[    0.000000] BIOS-e820: [mem 0x000000003fff0000-0x000000003fffffff] ACPI data
[    0.000000] BIOS-e820: [mem 0x00000000fec00000-0x00000000fec00fff] reserved
[    0.000000] BIOS-e820: [mem 0x00000000fee00000-0x00000000fee00fff] reserved
[    0.000000] BIOS-e820: [mem 0x00000000fffc0000-0x00000000ffffffff] reserved
[    0.000000] NX (Execute Disable) protection: active
[    0.000000] SMBIOS 2.5 present.
[    0.000000] DMI: innotek GmbH VirtualBox/VirtualBox, BIOS VirtualBox 12/01/2006
[    0.000000] Hypervisor detected: KVM
[    0.000000] e820: last_pfn = 0x3fff0 max_arch_pfn = 0x400000000
[    0.000000] MTRR: Disabled
[    0.000000] x86/PAT: MTRRs disabled, skipping PAT initialization too.
[    0.000000] CPU MTRRs all blank - virtualized system.
[    0.000000] x86/PAT: Configuration [0-7]: WB  WT  UC- UC  WB  WT  UC- UC  
[    0.000000] found SMP MP-table at [mem 0x0009fff0-0x0009ffff]
[    0.000000] Scanning 1 areas for low memory corruption
[    0.000000] RAMDISK: [mem 0x359cb000-0x36cdcfff]
[    0.000000] ACPI: Early table checksum verification disabled
[    0.000000] ACPI: RSDP 0x00000000000E0000 000024 (v02 VBOX  )
[    0.000000] ACPI: XSDT 0x000000003FFF0030 00003C (v01 VBOX   VBOXXSDT 00000001 ASL  00000061)
[    0.000000] ACPI: FACP 0x000000003FFF00F0 0000F4 (v04 VBOX   VBOXFACP 00000001 ASL  00000061)
[    0.000000] ACPI: DSDT 0x000000003FFF0470 002325 (v02 VBOX   VBOXBIOS 00000002 INTL 20100528)
[    0.000000] ACPI: FACS 0x000000003FFF0200 000040
[    0.000000] ACPI: FACS 0x000000003FFF0200 000040
[    0.000000] ACPI: APIC 0x000000003FFF0240 000054 (v02 VBOX   VBOXAPIC 00000001 ASL  00000061)
[    0.000000] ACPI: SSDT 0x000000003FFF02A0 0001CC (v01 VBOX   VBOXCPUT 00000002 INTL 20100528)
[    0.000000] ACPI: Reserving FACP table memory at [mem 0x3fff00f0-0x3fff01e3]
[    0.000000] ACPI: Reserving DSDT table memory at [mem 0x3fff0470-0x3fff2794]
[    0.000000] ACPI: Reserving FACS table memory at [mem 0x3fff0200-0x3fff023f]
[    0.000000] ACPI: Reserving FACS table memory at [mem 0x3fff0200-0x3fff023f]
[    0.000000] ACPI: Reserving APIC table memory at [mem 0x3fff0240-0x3fff0293]
[    0.000000] ACPI: Reserving SSDT table memory at [mem 0x3fff02a0-0x3fff046b]
[    0.000000] No NUMA configuration found
[    0.000000] Faking a node at [mem 0x0000000000000000-0x000000003ffeffff]
[    0.000000] NODE_DATA(0) allocated [mem 0x3ffc5000-0x3ffeffff]
[    0.000000] kvm-clock: cpu 0, msr 0:3ff44001, primary cpu clock
[    0.000000] kvm-clock: Using msrs 4b564d01 and 4b564d00
[    0.000000] kvm-clock: using sched offset of 4872514035 cycles
[    0.000000] clocksource: kvm-clock: mask: 0xffffffffffffffff max_cycles: 0x1cd42e4dffb, max_idle_ns: 881590591483 ns
[    0.000000] Zone ranges:
[    0.000000]   DMA      [mem 0x0000000000001000-0x0000000000ffffff]
[    0.000000]   DMA32    [mem 0x0000000001000000-0x000000003ffeffff]
[    0.000000]   Normal   empty
[    0.000000]   Device   empty
[    0.000000] Movable zone start for each node
[    0.000000] Early memory node ranges
[    0.000000]   node   0: [mem 0x0000000000001000-0x000000000009efff]
[    0.000000]   node   0: [mem 0x0000000000100000-0x000000003ffeffff]
[    0.000000] Reserved but unavailable: 104 pages
[    0.000000] Initmem setup node 0 [mem 0x0000000000001000-0x000000003ffeffff]
[    0.000000] ACPI: PM-Timer IO Port: 0x4008
[    0.000000] IOAPIC[0]: apic_id 1, version 32, address 0xfec00000, GSI 0-23
[    0.000000] ACPI: INT_SRC_OVR (bus 0 bus_irq 0 global_irq 2 dfl dfl)
[    0.000000] ACPI: INT_SRC_OVR (bus 0 bus_irq 9 global_irq 9 low level)
[    0.000000] Using ACPI (MADT) for SMP configuration information
[    0.000000] smpboot: Allowing 1 CPUs, 0 hotplug CPUs
[    0.000000] PM: Registered nosave memory: [mem 0x00000000-0x00000fff]
[    0.000000] PM: Registered nosave memory: [mem 0x0009f000-0x0009ffff]
[    0.000000] PM: Registered nosave memory: [mem 0x000a0000-0x000effff]
[    0.000000] PM: Registered nosave memory: [mem 0x000f0000-0x000fffff]
[    0.000000] e820: [mem 0x40000000-0xfebfffff] available for PCI devices
[    0.000000] Booting paravirtualized kernel on KVM
[    0.000000] clocksource: refined-jiffies: mask: 0xffffffff max_cycles: 0xffffffff, max_idle_ns: 7645519600211568 ns
[    0.000000] random: get_random_bytes called from start_kernel+0x99/0x500 with crng_init=0
[    0.000000] setup_percpu: NR_CPUS:8192 nr_cpumask_bits:1 nr_cpu_ids:1 nr_node_ids:1
[    0.000000] percpu: Embedded 45 pages/cpu s147456 r8192 d28672 u2097152
[    0.000000] PV qspinlock hash table entries: 256 (order: 0, 4096 bytes)
[    0.000000] Built 1 zonelists, mobility grouping on.  Total pages: 257913
[    0.000000] Policy zone: DMA32
[    0.000000] Kernel command line: BOOT_IMAGE=/boot/vmlinuz-4.15.0-159-generic root=LABEL=cloudimg-rootfs ro console=tty1 console=ttyS0
[    0.000000] Memory: 982888K/1048120K available (12300K kernel code, 2483K rwdata, 4320K rodata, 2448K init, 2724K bss, 65232K reserved, 0K cma-reserved)
[    0.000000] SLUB: HWalign=64, Order=0-3, MinObjects=0, CPUs=1, Nodes=1
[    0.000000] ftrace: allocating 39471 entries in 155 pages
[    0.004000] Hierarchical RCU implementation.
[    0.004000] 	RCU restricting CPUs from NR_CPUS=8192 to nr_cpu_ids=1.
[    0.004000] 	Tasks RCU enabled.
[    0.004000] RCU: Adjusting geometry for rcu_fanout_leaf=16, nr_cpu_ids=1
[    0.004000] NR_IRQS: 524544, nr_irqs: 256, preallocated irqs: 16
[    0.004000] Console: colour VGA+ 80x25
[    0.004000] console [tty1] enabled
[    0.004000] console [ttyS0] enabled
[    0.004000] ACPI: Core revision 20170831
[    0.004000] ACPI: 2 ACPI AML tables successfully acquired and loaded
[    0.004000] APIC: Switch to symmetric I/O mode setup
[    0.008000] ..TIMER: vector=0x30 apic1=0 pin1=2 apic2=-1 pin2=-1
[    0.008004] tsc: Detected 1190.403 MHz processor
[    0.012012] Calibrating delay loop (skipped) preset value.. 2380.80 BogoMIPS (lpj=4761612)
[    0.016003] pid_max: default: 32768 minimum: 301
[    0.020063] Security Framework initialized
[    0.024003] Yama: becoming mindful.
[    0.028020] AppArmor: AppArmor initialized
[    0.040433] Dentry cache hash table entries: 131072 (order: 8, 1048576 bytes)
[    0.046917] Inode-cache hash table entries: 65536 (order: 7, 524288 bytes)
[    0.048178] Mount-cache hash table entries: 2048 (order: 2, 16384 bytes)
[    0.052082] Mountpoint-cache hash table entries: 2048 (order: 2, 16384 bytes)
[    0.061558] Last level iTLB entries: 4KB 0, 2MB 0, 4MB 0
[    0.064004] Last level dTLB entries: 4KB 0, 2MB 0, 4MB 0, 1GB 0
[    0.068005] Spectre V1 : Mitigation: usercopy/swapgs barriers and __user pointer sanitization
[    0.072011] Spectre V2 : Mitigation: Enhanced IBRS
[    0.076006] Spectre V2 : Spectre v2 / SpectreRSB mitigation: Filling RSB on context switch
[    0.080007] Speculative Store Bypass: Vulnerable
[    0.093353] Freeing SMP alternatives memory: 36K
[    0.208318] smpboot: CPU0: Intel(R) Core(TM) i5-1035G1 CPU @ 1.00GHz (family: 0x6, model: 0x7e, stepping: 0x5)
[    0.212406] Performance Events: unsupported p6 CPU model 126 no PMU driver, software events only.
[    0.216176] Hierarchical SRCU implementation.
[    0.224302] NMI watchdog: Perf event create on CPU 0 failed with -2
[    0.228002] NMI watchdog: Perf NMI watchdog permanently disabled
[    0.232273] smp: Bringing up secondary CPUs ...
[    0.236009] smp: Brought up 1 node, 1 CPU
[    0.240156] smpboot: Max logical packages: 1
[    0.244005] smpboot: Total of 1 processors activated (2380.80 BogoMIPS)
[    0.248288] devtmpfs: initialized
[    0.252092] x86/mm: Memory block size: 128MB
[    0.256385] evm: security.selinux
[    0.260004] evm: security.SMACK64
[    0.262845] evm: security.SMACK64EXEC
[    0.264002] evm: security.SMACK64TRANSMUTE
[    0.268002] evm: security.SMACK64MMAP
[    0.272002] evm: security.apparmor
[    0.276002] evm: security.ima
[    0.278596] evm: security.capability
[    0.280249] clocksource: jiffies: mask: 0xffffffff max_cycles: 0xffffffff, max_idle_ns: 7645041785100000 ns
[    0.284009] futex hash table entries: 256 (order: 2, 16384 bytes)
[    0.288144] pinctrl core: initialized pinctrl subsystem
[    0.296002] RTC time:  0:24:03, date: 10/10/21
[    0.304132] NET: Registered protocol family 16
[    0.308229] audit: initializing netlink subsys (disabled)
[    0.312625] cpuidle: using governor ladder
[    0.316005] audit: type=2000 audit(1633825449.901:1): state=initialized audit_enabled=0 res=1
[    0.320004] cpuidle: using governor menu
[    0.323220] ACPI: bus type PCI registered
[    0.324003] acpiphp: ACPI Hot Plug PCI Controller Driver version: 0.5
[    0.328553] PCI: Using configuration type 1 for base access
[    0.333879] HugeTLB registered 2.00 MiB page size, pre-allocated 0 pages
[    0.340540] ACPI: Added _OSI(Module Device)
[    0.344006] ACPI: Added _OSI(Processor Device)
[    0.347377] ACPI: Added _OSI(3.0 _SCP Extensions)
[    0.348002] ACPI: Added _OSI(Processor Aggregator Device)
[    0.352013] ACPI: Added _OSI(Linux-Dell-Video)
[    0.356008] ACPI: Added _OSI(Linux-Lenovo-NV-HDMI-Audio)
[    0.360003] ACPI: Added _OSI(Linux-HPI-Hybrid-Graphics)
[    0.364871] ACPI: Executed 1 blocks of module-level executable AML code
[    0.375369] ACPI: Interpreter enabled
[    0.376013] ACPI: (supports S0 S5)
[    0.380003] ACPI: Using IOAPIC for interrupt routing
[    0.384351] PCI: Using host bridge windows from ACPI; if necessary, use "pci=nocrs" and report a bug
[    0.388238] ACPI: Enabled 2 GPEs in block 00 to 07
[    0.403156] ACPI: PCI Root Bridge [PCI0] (domain 0000 [bus 00-ff])
[    0.404008] acpi PNP0A03:00: _OSC: OS supports [ASPM ClockPM Segments MSI]
[    0.408764] acpi PNP0A03:00: _OSC: not requesting OS control; OS requires [ExtendedConfig ASPM ClockPM MSI]
[    0.412011] acpi PNP0A03:00: fail to add MMCONFIG information, can't access extended PCI configuration space under this bridge.
[    0.416735] PCI host bridge to bus 0000:00
[    0.420005] pci_bus 0000:00: root bus resource [io  0x0000-0x0cf7 window]
[    0.424003] pci_bus 0000:00: root bus resource [io  0x0d00-0xffff window]
[    0.428006] pci_bus 0000:00: root bus resource [mem 0x000a0000-0x000bffff window]
[    0.432004] pci_bus 0000:00: root bus resource [mem 0x40000000-0xfdffffff window]
[    0.436004] pci_bus 0000:00: root bus resource [bus 00-ff]
[    0.448404] pci 0000:00:01.1: legacy IDE quirk: reg 0x10: [io  0x01f0-0x01f7]
[    0.452003] pci 0000:00:01.1: legacy IDE quirk: reg 0x14: [io  0x03f6]
[    0.456042] pci 0000:00:01.1: legacy IDE quirk: reg 0x18: [io  0x0170-0x0177]
[    0.460003] pci 0000:00:01.1: legacy IDE quirk: reg 0x1c: [io  0x0376]
[    0.540547] pci 0000:00:07.0: quirk: [io  0x4000-0x403f] claimed by PIIX4 ACPI
[    0.544036] pci 0000:00:07.0: quirk: [io  0x4100-0x410f] claimed by PIIX4 SMB
[    0.561137] ACPI: PCI Interrupt Link [LNKA] (IRQs 5 9 10 *11)
[    0.564498] ACPI: PCI Interrupt Link [LNKB] (IRQs 5 9 *10 11)
[    0.568200] ACPI: PCI Interrupt Link [LNKC] (IRQs 5 *9 10 11)
[    0.572196] ACPI: PCI Interrupt Link [LNKD] (IRQs 5 9 10 *11)
[    0.576766] SCSI subsystem initialized
[    0.580277] pci 0000:00:02.0: vgaarb: setting as boot VGA device
[    0.584000] pci 0000:00:02.0: vgaarb: VGA device added: decodes=io+mem,owns=io+mem,locks=none
[    0.584004] pci 0000:00:02.0: vgaarb: bridge control possible
[    0.588002] vgaarb: loaded
[    0.592058] ACPI: bus type USB registered
[    0.596017] usbcore: registered new interface driver usbfs
[    0.600010] usbcore: registered new interface driver hub
[    0.604026] usbcore: registered new device driver usb
[    0.608172] EDAC MC: Ver: 3.0.0
[    0.616749] PCI: Using ACPI for IRQ routing
[    0.620753] NetLabel: Initializing
[    0.624002] NetLabel:  domain hash size = 128
[    0.628002] NetLabel:  protocols = UNLABELED CIPSOv4 CALIPSO
[    0.632104] NetLabel:  unlabeled traffic allowed by default
[    0.636232] clocksource: Switched to clocksource kvm-clock
[    0.696165] VFS: Disk quotas dquot_6.6.0
[    0.700597] VFS: Dquot-cache hash table entries: 512 (order 0, 4096 bytes)
[    0.706595] AppArmor: AppArmor Filesystem Enabled
[    0.714951] pnp: PnP ACPI init
[    0.721553] pnp: PnP ACPI: found 3 devices
[    0.734164] clocksource: acpi_pm: mask: 0xffffff max_cycles: 0xffffff, max_idle_ns: 2085701024 ns
[    0.745607] NET: Registered protocol family 2
[    0.749829] IP idents hash table entries: 16384 (order: 5, 131072 bytes)
[    0.755873] TCP established hash table entries: 8192 (order: 4, 65536 bytes)
[    0.761706] TCP bind hash table entries: 8192 (order: 5, 131072 bytes)
[    0.767470] TCP: Hash tables configured (established 8192 bind 8192)
[    0.779638] UDP hash table entries: 512 (order: 2, 16384 bytes)
[    0.791238] UDP-Lite hash table entries: 512 (order: 2, 16384 bytes)
[    0.801179] NET: Registered protocol family 1
[    0.805016] pci 0000:00:00.0: Limiting direct PCI/PCI transfers
[    0.809873] pci 0000:00:01.0: Activating ISA DMA hang workarounds
[    0.814979] pci 0000:00:02.0: Video device with shadowed ROM at [mem 0x000c0000-0x000dffff]
[    0.821991] Unpacking initramfs...
[    1.524167] Freeing initrd memory: 19528K
[    1.531294] clocksource: tsc: mask: 0xffffffffffffffff max_cycles: 0x1128b1be6ad, max_idle_ns: 440795207191 ns
[    1.540322] platform rtc_cmos: registered platform RTC device (no PNP device found)
[    1.546474] Scanning for low memory corruption every 60 seconds
[    1.552418] Initialise system trusted keyrings
[    1.556235] Key type blacklist registered
[    1.559586] workingset: timestamp_bits=36 max_order=18 bucket_order=0
[    1.567081] zbud: loaded
[    1.570656] squashfs: version 4.0 (2009/01/31) Phillip Lougher
[    1.575566] fuse init (API version 7.26)
[    1.580263] Key type asymmetric registered
[    1.583649] Asymmetric key parser 'x509' registered
[    1.588381] Block layer SCSI generic (bsg) driver version 0.4 loaded (major 246)
[    1.603038] io scheduler noop registered
[    1.607162] io scheduler deadline registered
[    1.610996] io scheduler cfq registered (default)
[    1.615367] ACPI: AC Adapter [AC] (on-line)
[    1.619468] input: Power Button as /devices/LNXSYSTM:00/LNXPWRBN:00/input/input0
[    1.625784] ACPI: Power Button [PWRF]
[    1.629243] input: Sleep Button as /devices/LNXSYSTM:00/LNXSLPBN:00/input/input1
[    1.635842] ACPI: Sleep Button [SLPF]
[    1.641633] ACPI: Battery Slot [BAT0] (battery present)
[    1.651051] Serial: 8250/16550 driver, 32 ports, IRQ sharing enabled
[    1.693588] 00:02: ttyS0 at I/O 0x3f8 (irq = 4, base_baud = 115200) is a 16550A
[    1.703100] Linux agpgart interface v0.103
[    1.709990] loop: module loaded
[    1.715129] scsi host0: ata_piix
[    1.718889] scsi host1: ata_piix
[    1.721993] ata1: PATA max UDMA/33 cmd 0x1f0 ctl 0x3f6 bmdma 0xd000 irq 14
[    1.727539] ata2: PATA max UDMA/33 cmd 0x170 ctl 0x376 bmdma 0xd008 irq 15
[    1.735320] libphy: Fixed MDIO Bus: probed
[    1.739026] tun: Universal TUN/TAP device driver, 1.6
[    1.743358] PPP generic driver version 2.4.2
[    1.746732] ehci_hcd: USB 2.0 'Enhanced' Host Controller (EHCI) Driver
[    1.752701] ehci-pci: EHCI PCI platform driver
[    1.756932] ehci-platform: EHCI generic platform driver
[    1.761061] ohci_hcd: USB 1.1 'Open' Host Controller (OHCI) Driver
[    1.766038] ohci-pci: OHCI PCI platform driver
[    1.769980] ohci-platform: OHCI generic platform driver
[    1.774326] uhci_hcd: USB Universal Host Controller Interface driver
[    1.783390] i8042: PNP: PS/2 Controller [PNP0303:PS2K,PNP0f03:PS2M] at 0x60,0x64 irq 1,12
[    1.798042] serio: i8042 KBD port at 0x60,0x64 irq 1
[    1.804368] serio: i8042 AUX port at 0x60,0x64 irq 12
[    1.810606] mousedev: PS/2 mouse device common for all mice
[    1.819637] input: AT Translated Set 2 keyboard as /devices/platform/i8042/serio0/input/input2
[    1.831692] rtc_cmos rtc_cmos: rtc core: registered rtc_cmos as rtc0
[    1.839510] rtc_cmos rtc_cmos: alarms up to one day, 114 bytes nvram
[    1.846767] i2c /dev entries driver
[    1.850603] device-mapper: uevent: version 1.0.3
[    1.856409] device-mapper: ioctl: 4.37.0-ioctl (2017-09-20) initialised: dm-devel@redhat.com
[    1.864699] ledtrig-cpu: registered to indicate activity on CPUs
[    1.870906] NET: Registered protocol family 10
[    1.879990] Segment Routing with IPv6
[    1.884018] NET: Registered protocol family 17
[    1.889311] Key type dns_resolver registered
[    1.959195] mce: Using 0 MCE banks
[    1.963545] RAS: Correctable Errors collector initialized.
[    1.971201] sched_clock: Marking stable (1971117124, 0)->(2844370332, -873253208)
[    1.980068] registered taskstats version 1
[    1.985140] Loading compiled-in X.509 certificates
[    1.992139] Loaded X.509 cert 'Build time autogenerated kernel key: bf5768e0b2369bd53acb56866ca104cf5a2c379b'
[    2.008261] Loaded X.509 cert 'Canonical Ltd. Live Patch Signing: 14df34d1a87cf37625abec039ef2bf521249b969'
[    2.021741] Loaded X.509 cert 'Canonical Ltd. Kernel Module Signing: 88f752e560a1e0737e31163a466ad7b70a850c19'
[    2.031295] zswap: loaded using pool lzo/zbud
[    2.039116] Key type big_key registered
[    2.047547] Key type trusted registered
[    2.060941] Key type encrypted registered
[    2.065905] AppArmor: AppArmor sha1 policy hashing enabled
[    2.071520] ima: No TPM chip found, activating TPM-bypass! (rc=-19)
[    2.077914] ima: Allocated hash algorithm: sha1
[    2.082820] evm: HMAC attrs: 0x1
[    2.087070]   Magic number: 9:147:405
[    2.091650] rtc_cmos rtc_cmos: setting system clock to 2021-10-10 00:24:05 UTC (1633825445)
[    2.100495] BIOS EDD facility v0.16 2004-Jun-25, 0 devices found
[    2.106787] EDD information not available.
[    2.114707] Freeing unused kernel image memory: 2448K
[    2.128707] Write protecting the kernel read-only data: 20480k
[    2.134502] Freeing unused kernel image memory: 2008K
[    2.139166] Freeing unused kernel image memory: 1824K
[    2.151462] x86/mm: Checked W+X mappings: passed, no W+X pages found.
Loading, please wait...
starting version 237
[    2.286451] e1000: Intel(R) PRO/1000 Network Driver - version 7.3.21-k8-NAPI
[    2.298070] e1000: Copyright (c) 1999-2006 Intel Corporation.
[    2.306991] Fusion MPT base driver 3.04.20
[    2.312608] Copyright (c) 1999-2008 LSI Corporation
[    2.401766] Fusion MPT SPI Host driver 3.04.20
[    2.567360] input: ImExPS/2 Generic Explorer Mouse as /devices/platform/i8042/serio1/input/input4
[    3.092874] e1000 0000:00:03.0 eth0: (PCI:33MHz:32-bit) 02:2f:77:f1:0c:e0
[    3.099590] e1000 0000:00:03.0 eth0: Intel(R) PRO/1000 Network Connection
[    3.113006] e1000 0000:00:03.0 enp0s3: renamed from eth0
[    3.119965] mptbase: ioc0: Initiating bringup
[    3.222607] ioc0: LSI53C1030 A0: Capabilities={Initiator}
[    3.487858] scsi host2: ioc0: LSI53C1030 A0, FwRev=00000000h, Ports=1, MaxQ=256, IRQ=20
[    3.666692] scsi 2:0:0:0: Direct-Access     VBOX     HARDDISK         1.0  PQ: 0 ANSI: 5
[    3.682463] scsi target2:0:0: Beginning Domain Validation
[    3.690123] random: fast init done
[    3.699298] scsi target2:0:0: Domain Validation skipping write tests
[    3.705818] scsi target2:0:0: Ending Domain Validation
[    3.710577] scsi target2:0:0: asynchronous
[    3.716917] scsi 2:0:1:0: Direct-Access     VBOX     HARDDISK         1.0  PQ: 0 ANSI: 5
[    3.724705] scsi target2:0:1: Beginning Domain Validation
[    3.738227] scsi target2:0:1: Domain Validation skipping write tests
[    3.743418] scsi target2:0:1: Ending Domain Validation
[    3.748184] scsi target2:0:1: asynchronous
[    3.765059] random: systemd-udevd: uninitialized urandom read (16 bytes read)
[    3.773545] sd 2:0:0:0: Attached scsi generic sg0 type 0
[    3.778711] sd 2:0:0:0: [sda] 83886080 512-byte logical blocks: (42.9 GB/40.0 GiB)
[    3.785422] random: systemd-udevd: uninitialized urandom read (16 bytes read)
[    3.792517] sd 2:0:1:0: Attached scsi generic sg1 type 0
[    3.797335] sd 2:0:1:0: [sdb] 20480 512-byte logical blocks: (10.5 MB/10.0 MiB)
[    3.804068] sd 2:0:0:0: [sda] Write Protect is off
[    3.808335] random: systemd-udevd: uninitialized urandom read (16 bytes read)
[    3.814383] sd 2:0:0:0: [sda] Incomplete mode parameter data
[    3.819441] sd 2:0:0:0: [sda] Assuming drive cache: write through
[    3.824517] sd 2:0:1:0: [sdb] Write Protect is off
[    3.831195] sd 2:0:1:0: [sdb] Incomplete mode parameter data
[    3.836535] sd 2:0:1:0: [sdb] Assuming drive cache: write through
[    3.846139]  sda: sda1
[    3.852500] sd 2:0:0:0: [sda] Attached SCSI disk
[    3.868802] sd 2:0:1:0: [sdb] Attached SCSI disk
Begin: Loading essential drivers ... [    6.088473] raid6: sse2x1   gen() 10875 MB/s
[    6.152506] raid6: sse2x1   xor()  8929 MB/s
[    6.208135] raid6: sse2x2   gen() 15229 MB/s
[    6.260230] raid6: sse2x2   xor()  8802 MB/s
[    6.324355] raid6: sse2x4   gen() 17962 MB/s
[    6.380066] raid6: sse2x4   xor()  9338 MB/s
[    6.384154] raid6: using algorithm sse2x4 gen() 17962 MB/s
[    6.388683] raid6: .... xor() 9338 MB/s, rmw enabled
[    6.393075] raid6: using ssse3x2 recovery algorithm
[    6.398592] xor: measuring software checksum speed
[    6.508133]    prefetch64-sse: 55428.000 MB/sec
[    6.613137]    generic_sse: 50331.000 MB/sec
[    6.617222] xor: using function: prefetch64-sse (55428.000 MB/sec)
[    6.624278] async_tx: api initialized (async)
done.
Begin: Running /scripts/init-premount ... done.
Begin: Mounting root file system ... Begin: Running /scripts/local-top ... done.
Begin: Running /scripts/local-premount ... [    6.696068] Btrfs loaded, crc32c=crc32c-intel
Scanning for Btrfs filesystems
done.
Warning: fsck not present, so skipping root file system
[    6.745596] EXT4-fs (sda1): INFO: recovery required on readonly filesystem
[    6.751642] EXT4-fs (sda1): write access will be enabled during recovery
[    6.834237] EXT4-fs (sda1): orphan cleanup on readonly fs
[    6.839558] EXT4-fs (sda1): 5 orphan inodes deleted
[    6.843728] EXT4-fs (sda1): recovery complete
[    6.849540] EXT4-fs (sda1): mounted filesystem with ordered data mode. Opts: (null)
done.
Begin: Running /scripts/local-bottom ... done.
Begin: Running /scripts/init-bottom ... done.
[    7.097155] ip_tables: (C) 2000-2006 Netfilter Core Team
[    7.113551] systemd[1]: systemd 237 running in system mode. (+PAM +AUDIT +SELINUX +IMA +APPARMOR +SMACK +SYSVINIT +UTMP +LIBCRYPTSETUP +GCRYPT +GNUTLS +ACL +XZ +LZ4 +SECCOMP +BLKID +ELFUTILS +KMOD -IDN2 +IDN -PCRE2 default-hierarchy=hybrid)
[    7.130379] systemd[1]: Detected virtualization oracle.
[    7.134905] systemd[1]: Detected architecture x86-64.

Welcome to [1mUbuntu 18.04.6 LTS[0m!

[    7.144861] systemd[1]: Set hostname to <ubuntu-bionic>.
[    7.468938] systemd[1]: Started Forward Password Requests to Wall Directory Watch.
[[0;32m  OK  [0m] Started Forward Password Requests to Wall Directory Watch.
[    7.479768] systemd[1]: Reached target Swap.
[[0;32m  OK  [0m] Reached target Swap.
[    7.489290] systemd[1]: Created slice System Slice.
[[0;32m  OK  [0m] Created slice System Slice.
[    7.497071] systemd[1]: Listening on Device-mapper event daemon FIFOs.
[[0;32m  OK  [0m] Listening on Device-mapper event daemon FIFOs.
[    7.507396] systemd[1]: Listening on LVM2 poll daemon socket.
[[0;32m  OK  [0m] Listening on LVM2 poll daemon socket.
[    7.514689] systemd[1]: Listening on Network Service Netlink Socket.
[[0;32m  OK  [0m] Listening on Network Service Netlink Socket.
[[0;32m  OK  [0m] Created slice system-serial\x2dgetty.slice.
[[0;32m  OK  [0m] Listening on /dev/initctl Compatibility Named Pipe.
[[0;32m  OK  [0m] Listening on Journal Audit Socket.
[[0;32m  OK  [0m] Listening on Syslog Socket.
[[0;32m  OK  [0m] Listening on udev Kernel Socket.
[[0;32m  OK  [0m] Listening on LVM2 metadata daemon socket.
[[0;32m  OK  [0m] Listening on Journal Socket.
         Starting Create list of required st…ce nodes for the current kernel...
         Starting Uncomplicated firewall...
         Starting Load Kernel Modules...
         Starting Set the console keyboard layout...
         [    7.588732] Loading iSCSI transport class v2.0-870.
Mounting Huge Pages File System...
         Mounting Kernel Debug File System...
[[0;32m  OK  [0m] Reached target System Time Synchronized.
         Mounting POSIX Message Queue File System...
[[0;32m  OK  [0m] Listening on Journal Socket (/dev/log).
         Starting Journal Service...
[    7.633845] iscsi: registered transport (tcp)
[[0;32m  OK  [0m] Listening on fsck to fsckd communication Socket.
         Starting File System Check on Root Device...
[[0;32m  OK  [0m] Created slice User and Session Slice.
[[0;32m  OK  [0m] Reached target Slices.
[[0;32m  OK  [0m] Set up automount Arbitrary Executab…rmats File System Automount Point.
[[0;32m  OK  [0m] Listening on udev Control Socket.
         Starting udev Coldplug all Devices...
[[0;32m  OK  [0m] Reached target User and Group Name Lookups.
         Starting Monitoring of LVM2 mirrors…ng dmeventd or progress polling...
[[0;32m  OK  [0m] Started Journal Service.
[[0;32m  OK  [0m] Started Create list of required sta…vice nodes for the current kernel.
[[0;32m  OK  [0m] Started Uncomplicated firewall.
[[0;32m  OK  [0m] Mounted Huge Pages File System.
[[0;32m  OK  [0m] Mounted Kernel Debug File System.
[[0;32m  OK  [0m] Mounted POSIX Message Queue File System.
[[0;32m  OK  [0m] Started File System Check Daemon to report status.
         Starting Create Static Device Nodes in /dev...
[[0;32m  OK  [0m] Started File System Check on Root Device.
         Starting Remount Root and Kernel File Systems...
[[0;32m  OK  [0m] Started Create Static Device Nodes in /dev.
[    7.887077] EXT4-fs (sda1): re-mounted. Opts: (null)
[    7.899484] iscsi: registered transport (iser)
[[0;32m  OK  [0m] Started LVM2 metadata daemon.
[[0;32m  OK  [0m] Started Remount Root and Kernel File Systems.
         Starting udev Kernel Device Manager...
         Starting Load/Save Random Seed...
         Starting Flush Journal to Persistent Storage...
[[0;32m  OK  [0m] Started Load Kernel Modules.
         Starting Apply Kernel Variables...
         Mounting FUSE Control File System...
         Mounting Kernel Configuration File System...
[[0;32m  OK  [0m] Mounted FUSE Control File System.
[[0;32m  OK  [0m] Mounted Kernel Configuration File System.
[[0;32m  OK  [0m] Started Load/Save Random Seed.
[    8.052716] systemd-journald[392]: Received request to flush runtime journal from PID 1
[[0;32m  OK  [0m] Started udev Kernel Device Manager.
[[0;32m  OK  [0m] Started Monitoring of LVM2 mirrors,…sing dmeventd or progress polling.
[[0;32m  OK  [0m] Started udev Coldplug all Devices.
[[0;32m  OK  [0m] Started Apply Kernel Variables.
[[0;32m  OK  [0m] Started Set the console keyboard layout.
[[0;32m  OK  [0m] Reached target Local File Systems (Pre).
[[0;32m  OK  [0m] Reached target Local File Systems.
         Starting ebtables ruleset management...
         Starting AppArmor initialization...
         Starting Set console font and keymap...
         Starting Tell Plymouth To Write Out Runtime Data...
[[0;32m  OK  [0m] Started Dispatch Password Requests to Console Directory Watch.
[[0;32m  OK  [0m] Reached target Local Encrypted Volumes.
[[0;32m  OK  [0m] Started Flush Journal to Persistent Storage.
         Starting Create Volatile Files and Directories...
[[0;32m  OK  [0m] Started Set console font and keymap.
[[0;32m  OK  [0m] Started Tell Plymouth To Write Out Runtime Data.
[[0;32m  OK  [0m] Started Create Volatile Files and Directories.
         Starting Update UTMP about System Boot/Shutdown...
[[0;32m  OK  [0m] Started Update UTMP about System Boot/Shutdown.
[[0;32m  OK  [0m] Started ebtables ruleset management.
[[0;32m  OK  [0m] Started AppArmor initialization.
         Starting Load AppArmor profiles managed internally by snapd...
         Starting Initial cloud-init job (pre-networking)...
[[0;32m  OK  [0m] Started Load AppArmor profiles managed internally by snapd.
[[0;32m  OK  [0m] Found device /dev/ttyS0.
[[0;32m  OK  [0m] Listening on Load/Save RF Kill Switch Status /dev/rfkill Watch.
[   10.779266] cloud-init[502]: Cloud-init v. 21.2-3-g899bfaa9-0ubuntu2~18.04.1 running 'init-local' at Sun, 10 Oct 2021 00:24:13 +0000. Up 10.58 seconds.
[[0;32m  OK  [0m] Started Initial cloud-init job (pre-networking).
[[0;32m  OK  [0m] Reached target Network (Pre).
         Starting Network Service...
[[0;32m  OK  [0m] Started Network Service.
         Starting Network Name Resolution...
         Starting Wait for Network to be Configured...
[[0;32m  OK  [0m] Started Network Name Resolution.
[[0;32m  OK  [0m] Reached target Host and Network Name Lookups.
[[0;32m  OK  [0m] Reached target Network.
[[0;32m  OK  [0m] Started Wait for Network to be Configured.
         Starting Initial cloud-init job (metadata service crawler)...
[   13.152692] cloud-init[633]: Cloud-init v. 21.2-3-g899bfaa9-0ubuntu2~18.04.1 running 'init' at Sun, 10 Oct 2021 00:24:16 +0000. Up 12.99 seconds.
[   13.164687] cloud-init[633]: ci-info: +++++++++++++++++++++++++++++++++++++Net device info++++++++++++++++++++++++++++++++++++++
[   13.174130] cloud-init[633]: ci-info: +--------+------+---------------------------+---------------+--------+-------------------+
[   13.186329] cloud-init[633]: ci-info: | Device |  Up  |          Address          |      Mask     | Scope  |     Hw-Address    |
[   13.195423] cloud-init[633]: ci-info: +--------+------+---------------------------+---------------+--------+-------------------+
[   13.205173] cloud-init[633]: ci-info: | enp0s3 | True |         10.0.2.15         | 255.255.255.0 | global | 02:2f:77:f1:0c:e0 |
[   13.213723] cloud-init[633]: ci-info: | enp0s3 | True | fe80::2f:77ff:fef1:ce0/64 |       .       |  link  | 02:2f:77:f1:0c:e0 |
[   13.219533] cloud-init[633]: ci-info: |   lo   | True |         127.0.0.1         |   255.0.0.0   |  host  |         .         |
[   13.232857] cloud-init[633]: ci-info: |   lo   | True |          ::1/128          |       .       |  host  |         .         |
[   13.240502] cloud-init[633]: ci-info: +--------+------+---------------------------+---------------+--------+-------------------+
[   13.253395] cloud-init[633]: ci-info: ++++++++++++++++++++++++++++Route IPv4 info+++++++++++++++++++++++++++++
[   13.259202] cloud-init[633]: ci-info: +-------+-------------+----------+-----------------+-----------+-------+
[   13.273564] cloud-init[633]: ci-info: | Route | Destination | Gateway  |     Genmask     | Interface | Flags |
[   13.281663] cloud-init[633]: ci-info: +-------+-------------+----------+-----------------+-----------+-------+
[   13.288583] cloud-init[633]: ci-info: |   0   |   0.0.0.0   | 10.0.2.2 |     0.0.0.0     |   enp0s3  |   UG  |
[   13.297657] cloud-init[633]: ci-info: |   1   |   10.0.2.0  | 0.0.0.0  |  255.255.255.0  |   enp0s3  |   U   |
[   13.311022] cloud-init[633]: ci-info: |   2   |   10.0.2.2  | 0.0.0.0  | 255.255.255.255 |   enp0s3  |   UH  |
[   13.319982] cloud-init[633]: ci-info: +-------+-------------+----------+-----------------+-----------+-------+
[   13.329139] cloud-init[633]: ci-info: +++++++++++++++++++Route IPv6 info+++++++++++++++++++
[   13.336388] cloud-init[633]: ci-info: +-------+-------------+---------+-----------+-------+
[   13.351753] cloud-init[633]: ci-info: | Route | Destination | Gateway | Interface | Flags |
[   13.368837] cloud-init[633]: ci-info: +-------+-------------+---------+-----------+-------+
[   13.373648] cloud-init[633]: ci-info: |   1   |  fe80::/64  |    ::   |   enp0s3  |   U   |
[   13.394384] cloud-init[633]: ci-info: |   3   |    local    |    ::   |   enp0s3  |   U   |
[   13.399217] cloud-init[633]: ci-info: |   4   |   ff00::/8  |    ::   |   enp0s3  |   U   |
[   13.404026] cloud-init[633]: ci-info: +-------+-------------+---------+-----------+-------+
[[0;32m  OK  [0m] Started Initial cloud-init job (metadata service crawler).
[[0;32m  OK  [0m] Reached target Cloud-config availability.
[[0;32m  OK  [0m] Reached target System Initialization.
[[0;32m  OK  [0m] Listening on UUID daemon activation socket.
[[0;32m  OK  [0m] Listening on ACPID Listen Socket.
[[0;32m  OK  [0m] Listening on D-Bus System Message Bus Socket.
         Starting Socket activation for snappy daemon.
         Starting LXD - unix socket.
[[0;32m  OK  [0m] Started Ubuntu Advantage update messaging.
[[0;32m  OK  [0m] Started Daily Cleanup of Temporary Directories.
[[0;32m  OK  [0m] Started Daily apt download activities.
[[0;32m  OK  [0m] Started Daily apt upgrade and clean activities.
[[0;32m  OK  [0m] Started Message of the Day.
[[0;32m  OK  [0m] Started Discard unused blocks once a week.
[[0;32m  OK  [0m] Reached target Timers.
[[0;32m  OK  [0m] Listening on Open-iSCSI iscsid Socket.
[[0;32m  OK  [0m] Started ACPI Events Check.
[[0;32m  OK  [0m] Reached target Paths.
[[0;32m  OK  [0m] Reached target Network is Online.
         Starting Availability of block devices...
[[0;32m  OK  [0m] Reached target Remote File Systems (Pre).
         Mounting /vagrant...
[[0;32m  OK  [0m] Listening on Socket activation for snappy daemon.
[[0;32m  OK  [0m] Listening on LXD - unix socket.
[[0;32m  OK  [0m] Started Availability of block devices.
[[0;32m  OK  [0m] Mounted /vagrant.
[[0;32m  OK  [0m] Reached target Remote File Systems.
[[0;32m  OK  [0m] Reached target Sockets.
[[0;32m  OK  [0m] Reached target Basic System.
         Starting LXD - container startup/shutdown...
         Starting MySQL Community Server...
         Starting LSB: Record successful boot for GRUB...
[[0;32m  OK  [0m] Started Deferred execution scheduler.
         Starting Virtualbox guest utils...
[[0;32m  OK  [0m] Started irqbalance daemon.
         Starting System Logging Service...
         Starting LSB: automatic crash report generation...
[[0;32m  OK  [0m] Started D-Bus System Message Bus.
         Starting Dispatcher daemon for systemd-networkd...
         Starting Login Service...
[[0;32m  OK  [0m] Started FUSE filesystem for LXC.
         Starting Permit User Sessions...
[[0;32m  OK  [0m] Started Regular background program processing daemon.
         Starting OpenBSD Secure Shell server...
         Starting Accounts Service...
         Starting Snap Daemon...
[[0;32m  OK  [0m] Started System Logging Service.
[[0;32m  OK  [0m] Started LXD - container startup/shutdown.
[[0;32m  OK  [0m] Started Permit User Sessions.
[[0;32m  OK  [0m] Started Login Service.
[[0;32m  OK  [0m] Started Unattended Upgrades Shutdown.
         Starting Terminate Plymouth Boot Screen...
         Starting Hold until boot process finishes up...
[[0;32m  OK  [0m] Started Hold until boot process finishes up.
[[0;32m  OK  [0m] Started Terminate Plymouth Boot Screen.
[[0;32m  OK  [0m] Started Serial Getty on ttyS0.
         Starting Set console scheme...
[[0;32m  OK  [0m] Started OpenBSD Secure Shell server.
[[0;32m  OK  [0m] Started Set console scheme.
[[0;32m  OK  [0m] Created slice system-getty.slice.
[[0;32m  OK  [0m] Started Getty on tty1.
[[0;32m  OK  [0m] Reached target Login Prompts.
         Starting Authorization Manager...
[[0;32m  OK  [0m] Started LSB: Record successful boot for GRUB.
[[0;32m  OK  [0m] Started LSB: automatic crash report generation.
[[0;32m  OK  [0m] Started Authorization Manager.
[[0;32m  OK  [0m] Started Accounts Service.
[[0;32m  OK  [0m] Started Virtualbox guest utils.
[[0;32m  OK  [0m] Started Dispatcher daemon for systemd-networkd.
[[0;32m  OK  [0m] Started Snap Daemon.
         Starting Wait until snapd is fully seeded...
[[0;32m  OK  [0m] Started Wait until snapd is fully seeded.
         Starting Apply the settings specified in cloud-config...
[[0;32m  OK  [0m] Created slice User Slice of vagrant.
         Starting User Manager for UID 1000...
[[0;32m  OK  [0m] Started Session 1 of user vagrant.
[[0;32m  OK  [0m] Started User Manager for UID 1000.
[   18.009404] cloud-init[941]: Cloud-init v. 21.2-3-g899bfaa9-0ubuntu2~18.04.1 running 'modules:config' at Sun, 10 Oct 2021 00:24:20 +0000. Up 17.48 seconds.
[[0;32m  OK  [0m] Started Apply the settings specified in cloud-config.
[[0;32m  OK  [0m] Started MySQL Community Server.
[[0;32m  OK  [0m] Reached target Multi-User System.
[[0;32m  OK  [0m] Reached target Graphical Interface.
         Starting Update UTMP about System Runlevel Changes...
         Starting Execute cloud user/final scripts...
[[0;32m  OK  [0m] Started Update UTMP about System Runlevel Changes.
[   19.325820] cloud-init[1126]: Cloud-init v. 21.2-3-g899bfaa9-0ubuntu2~18.04.1 running 'modules:final' at Sun, 10 Oct 2021 00:24:22 +0000. Up 19.21 seconds.
[   19.340350] cloud-init[1126]: Cloud-init v. 21.2-3-g899bfaa9-0ubuntu2~18.04.1 finished at Sun, 10 Oct 2021 00:24:22 +0000. Datasource DataSourceNoCloud [seed=/dev/sdb][dsmode=net].  Up 19.31 seconds
[[0;32m  OK  [0m] Started Execute cloud user/final scripts.
[[0;32m  OK  [0m] Reached target Cloud-init target.

Ubuntu 18.04.6 LTS ubuntu-bionic ttyS0

ubuntu-bionic login: 